time="2024-02-01T11:31:37+05:30" level=info msg="Connection established with logger service for the vendor module"
time="2024-02-01T11:31:37+05:30" level=info msg="Connection established with logger service for the vendor module"
time="2024-02-01T11:31:49+05:30" level=error msg="In token controller line 24,Invalid token format"
time="2024-02-01T11:31:49+05:30" level=error msg="In token controller line 24,Invalid token format"
time="2024-02-01T11:31:49+05:30" level=error msg="In vendorcontroller line 290,Error occured while getting user details" error="invalid token format"
time="2024-02-01T11:31:49+05:30" level=error msg="In vendorcontroller line 290,Error occured while getting user details" error="invalid token format"
time="2024-02-01T11:33:10+05:30" level=info msg="Connection established with logger service for the vendor module"
time="2024-02-01T11:33:10+05:30" level=info msg="Connection established with logger service for the vendor module"
time="2024-02-01T11:33:32+05:30" level=error msg="In token controller line 24,Invalid token format"
time="2024-02-01T11:33:32+05:30" level=error msg="In token controller line 24,Invalid token format"
time="2024-02-01T11:33:32+05:30" level=info msg="In vendorcontroller line 198,Error while getting user details: invalid token format"
time="2024-02-01T11:33:32+05:30" level=info msg="In vendorcontroller line 198,Error while getting user details: invalid token format"
time="2024-02-01T11:53:45+05:30" level=error msg="In vendorcontroller line 431,Error occured in DeleteVendor" error="Vendor Not Found"
time="2024-02-01T11:53:45+05:30" level=error msg="In vendorcontroller line 431,Error occured in DeleteVendor" error="Vendor Not Found"
time="2024-02-01T11:59:43+05:30" level=error msg="In token controller line 24,Invalid token format"
time="2024-02-01T11:59:43+05:30" level=error msg="In token controller line 24,Invalid token format"
time="2024-02-01T11:59:43+05:30" level=error msg="In vendorcontroller line 644,Error occurred while getting user details" error="invalid token format"
time="2024-02-01T11:59:43+05:30" level=error msg="In vendorcontroller line 644,Error occurred while getting user details" error="invalid token format"
time="2024-02-01T12:02:42+05:30" level=error msg="In vendorcontroller line 902,Error unmarshalling JSON in Search" error="unexpected end of JSON input"
time="2024-02-01T12:02:42+05:30" level=error msg="In vendorcontroller line 902,Error unmarshalling JSON in Search" error="unexpected end of JSON input"
time="2024-02-01T12:07:10+05:30" level=error msg="In vendorcontroller line 1151,Error occurred while converting vendor ID from hex in GetVendorContactNames" error="the provided hex string is not a valid ObjectID"
time="2024-02-01T12:07:10+05:30" level=error msg="In vendorcontroller line 1151,Error occurred while converting vendor ID from hex in GetVendorContactNames" error="the provided hex string is not a valid ObjectID"
time="2024-02-01T12:09:45+05:30" level=error msg="In vendorcontroller line 1266,Required vendor contact email ID not provided in VendorContactValidate"
time="2024-02-01T12:09:45+05:30" level=error msg="In vendorcontroller line 1266,Required vendor contact email ID not provided in VendorContactValidate"
time="2024-02-01T12:10:21+05:30" level=error msg="In vendorcontroller line 1293,Error occurred while getting document link from S3 in GetDocumentLink" error="InvalidParameter: 1 validation error(s) found.\n- minimum field size of 1, GetObjectInput.Key.\n"
time="2024-02-01T12:10:21+05:30" level=error msg="In vendorcontroller line 1293,Error occurred while getting document link from S3 in GetDocumentLink" error="InvalidParameter: 1 validation error(s) found.\n- minimum field size of 1, GetObjectInput.Key.\n"
time="2024-02-01T12:30:38+05:30" level=error msg="In vendorcontroller line 368,Error occured while fetching EditGetVendor" error="mongo: no documents in result"
time="2024-02-01T12:30:38+05:30" level=error msg="In vendorcontroller line 368,Error occured while fetching EditGetVendor" error="mongo: no documents in result"
time="2024-02-01T12:31:28+05:30" level=error msg="In vendorcontroller line 368,Error occured while fetching EditGetVendor" error="mongo: no documents in result"
time="2024-02-01T12:31:28+05:30" level=error msg="In vendorcontroller line 368,Error occured while fetching EditGetVendor" error="mongo: no documents in result"
time="2024-02-01T12:31:34+05:30" level=error msg="In vendorcontroller line 368,Error occured while fetching EditGetVendor" error="mongo: no documents in result"
time="2024-02-01T12:31:34+05:30" level=error msg="In vendorcontroller line 368,Error occured while fetching EditGetVendor" error="mongo: no documents in result"
time="2024-02-01T12:32:15+05:30" level=error msg="In vendorcontroller line 368,Error occured while fetching EditGetVendor" error="mongo: no documents in result"
time="2024-02-01T12:32:15+05:30" level=error msg="In vendorcontroller line 368,Error occured while fetching EditGetVendor" error="mongo: no documents in result"
time="2024-02-01T12:32:29+05:30" level=error msg="In vendorcontroller line 368,Error occured while fetching EditGetVendor" error="mongo: no documents in result"
time="2024-02-01T12:32:29+05:30" level=error msg="In vendorcontroller line 368,Error occured while fetching EditGetVendor" error="mongo: no documents in result"
time="2024-02-01T12:32:44+05:30" level=error msg="In vendorcontroller line 368,Error occured while fetching EditGetVendor" error="mongo: no documents in result"
time="2024-02-01T12:32:44+05:30" level=error msg="In vendorcontroller line 368,Error occured while fetching EditGetVendor" error="mongo: no documents in result"
time="2024-02-01T12:33:57+05:30" level=error msg="In vendorcontroller line 489,Error parsing multipart form" error="request Content-Type isn't multipart/form-data"
time="2024-02-01T12:33:57+05:30" level=error msg="In vendorcontroller line 489,Error parsing multipart form" error="request Content-Type isn't multipart/form-data"
time="2024-02-01T12:34:39+05:30" level=error msg="In vendorcontroller line 497,Error while unmarshalling JSON" error="unexpected end of JSON input"
time="2024-02-01T12:34:39+05:30" level=error msg="In vendorcontroller line 497,Error while unmarshalling JSON" error="unexpected end of JSON input"
time="2024-02-01T12:36:35+05:30" level=error msg="In vendorcontroller line 368,Error occured while fetching EditGetVendor" error="mongo: no documents in result"
time="2024-02-01T12:36:35+05:30" level=error msg="In vendorcontroller line 368,Error occured while fetching EditGetVendor" error="mongo: no documents in result"
time="2024-02-01T12:37:53+05:30" level=error msg="In vendorcontroller line 368,Error occured while fetching EditGetVendor" error="mongo: no documents in result"
time="2024-02-01T12:37:53+05:30" level=error msg="In vendorcontroller line 368,Error occured while fetching EditGetVendor" error="mongo: no documents in result"
time="2024-02-01T12:52:50+05:30" level=error msg="In vendorcontroller line 693,Data not found in FilterVendor"
time="2024-02-01T12:52:50+05:30" level=error msg="In vendorcontroller line 693,Data not found in FilterVendor"
time="2024-02-01T13:53:39+05:30" level=error msg="In token controller line 24,Invalid token format"
time="2024-02-01T13:53:39+05:30" level=error msg="In token controller line 24,Invalid token format"
time="2024-02-01T13:53:39+05:30" level=error msg="In vendorcontroller line 704,Error occurred while getting user details" error="invalid token format"
time="2024-02-01T13:53:39+05:30" level=error msg="In vendorcontroller line 704,Error occurred while getting user details" error="invalid token format"
time="2024-02-01T15:04:09+05:30" level=info msg="Connection established with logger service for the vendor module"
time="2024-02-01T15:04:09+05:30" level=info msg="Connection established with logger service for the vendor module"
time="2024-02-01T15:25:15+05:30" level=error msg="In vendorcontroller line 711,Error occurred while converting TENANT_ID from hex" error="the provided hex string is not a valid ObjectID"
time="2024-02-01T15:25:15+05:30" level=error msg="In vendorcontroller line 711,Error occurred while converting TENANT_ID from hex" error="the provided hex string is not a valid ObjectID"
time="2024-02-01T15:25:15+05:30" level=info msg="In vendorcontroller line 205,Error while converting TENANT_ID to ObjectID: the provided hex string is not a valid ObjectID"
time="2024-02-01T15:25:15+05:30" level=info msg="In vendorcontroller line 205,Error while converting TENANT_ID to ObjectID: the provided hex string is not a valid ObjectID"
time="2024-02-01T15:29:00+05:30" level=error msg="In vendorcontroller line 711,Error occurred while converting TENANT_ID from hex" error="the provided hex string is not a valid ObjectID"
time="2024-02-01T15:29:00+05:30" level=error msg="In vendorcontroller line 711,Error occurred while converting TENANT_ID from hex" error="the provided hex string is not a valid ObjectID"
time="2024-02-01T15:29:00+05:30" level=info msg="In vendorcontroller line 205,Error while converting TENANT_ID to ObjectID: the provided hex string is not a valid ObjectID"
time="2024-02-01T15:29:00+05:30" level=info msg="In vendorcontroller line 205,Error while converting TENANT_ID to ObjectID: the provided hex string is not a valid ObjectID"
time="2024-02-02T10:38:20+05:30" level=info msg="Connection established with logger service for the vendor module"
time="2024-02-02T10:38:20+05:30" level=info msg="Connection established with logger service for the vendor module"
time="2024-02-02T11:14:35+05:30" level=error msg="In vendorcontroller line 681,Error while unmarshalling JSON in FilterVendor" error="unexpected end of JSON input"
time="2024-02-02T11:14:35+05:30" level=error msg="In vendorcontroller line 681,Error while unmarshalling JSON in FilterVendor" error="unexpected end of JSON input"
time="2024-02-02T13:52:18+05:30" level=info msg="Connection established with logger service for the vendor module"
time="2024-02-02T13:52:18+05:30" level=info msg="Connection established with logger service for the vendor module"
time="2024-02-02T13:53:55+05:30" level=info msg="Connection established with logger service for the vendor module"
time="2024-02-02T13:53:55+05:30" level=info msg="Connection established with logger service for the vendor module"
time="2024-02-02T13:58:24+05:30" level=error msg="In token controller line 24,Invalid token format"
time="2024-02-02T13:58:24+05:30" level=error msg="In token controller line 24,Invalid token format"
time="2024-02-02T13:58:24+05:30" level=error msg="In vendorcontroller line 644,Error occurred while getting user details" error="invalid token format"
time="2024-02-02T13:58:24+05:30" level=error msg="In vendorcontroller line 644,Error occurred while getting user details" error="invalid token format"
time="2024-02-02T13:58:48+05:30" level=error msg="In vendorcontroller line 681,Error while unmarshalling JSON in FilterVendor" error="unexpected end of JSON input"
time="2024-02-02T13:58:48+05:30" level=error msg="In vendorcontroller line 681,Error while unmarshalling JSON in FilterVendor" error="unexpected end of JSON input"
time="2024-02-02T13:59:13+05:30" level=error msg="In vendorcontroller line 707, Data not found in FilterVendor"
time="2024-02-02T13:59:13+05:30" level=error msg="In vendorcontroller line 707, Data not found in FilterVendor"
time="2024-02-02T14:05:10+05:30" level=info msg="Connection established with logger service for the vendor module"
time="2024-02-02T14:05:10+05:30" level=info msg="Connection established with logger service for the vendor module"
time="2024-02-02T15:25:12+05:30" level=info msg="Connection established with logger service for the vendor module"
time="2024-02-02T15:25:12+05:30" level=info msg="Connection established with logger service for the vendor module"
time="2024-02-02T15:25:24+05:30" level=error msg="In vendorcontroller line 726, Data not found in FilterVendor"
time="2024-02-02T15:25:24+05:30" level=error msg="In vendorcontroller line 726, Data not found in FilterVendor"
time="2024-02-02T15:26:18+05:30" level=error msg="In vendorcontroller line 726, Data not found in FilterVendor"
time="2024-02-02T15:26:18+05:30" level=error msg="In vendorcontroller line 726, Data not found in FilterVendor"
time="2024-02-02T15:28:01+05:30" level=error msg="In vendorcontroller line 726, Data not found in FilterVendor"
time="2024-02-02T15:28:01+05:30" level=error msg="In vendorcontroller line 726, Data not found in FilterVendor"
time="2024-02-02T15:30:04+05:30" level=error msg="In vendorcontroller line 726, Data not found in FilterVendor"
time="2024-02-02T15:30:04+05:30" level=error msg="In vendorcontroller line 726, Data not found in FilterVendor"
time="2024-02-02T15:49:33+05:30" level=info msg="Connection established with logger service for the vendor module"
time="2024-02-02T15:49:33+05:30" level=info msg="Connection established with logger service for the vendor module"
time="2024-02-02T15:49:45+05:30" level=error msg="In vendorcontroller line 726, Data not found in FilterVendor"
time="2024-02-02T15:49:45+05:30" level=error msg="In vendorcontroller line 726, Data not found in FilterVendor"
time="2024-02-02T15:52:00+05:30" level=error msg="In vendorcontroller line 726, Data not found in FilterVendor"
time="2024-02-02T15:52:00+05:30" level=error msg="In vendorcontroller line 726, Data not found in FilterVendor"
time="2024-02-02T19:07:43+05:30" level=info msg="Connection established with logger service for the vendor module"
time="2024-02-02T19:07:43+05:30" level=info msg="Connection established with logger service for the vendor module"
time="2024-02-02T19:07:52+05:30" level=error msg="In vendorcontroller line 726, Data not found in FilterVendor"
time="2024-02-02T19:07:52+05:30" level=error msg="In vendorcontroller line 726, Data not found in FilterVendor"
time="2024-02-02T19:08:01+05:30" level=error msg="In vendorcontroller line 726, Data not found in FilterVendor"
time="2024-02-02T19:08:01+05:30" level=error msg="In vendorcontroller line 726, Data not found in FilterVendor"
time="2024-02-05T10:58:29+05:30" level=info msg="Connection established with logger service for the vendor module"
time="2024-02-05T10:58:29+05:30" level=info msg="Connection established with logger service for the vendor module"
time="2024-02-05T10:58:40+05:30" level=error msg="In vendorcontroller line 726, Data not found in FilterVendor"
time="2024-02-05T10:58:40+05:30" level=error msg="In vendorcontroller line 726, Data not found in FilterVendor"
time="2024-02-05T11:01:33+05:30" level=error msg="In vendorcontroller line 726, Data not found in FilterVendor"
time="2024-02-05T11:01:33+05:30" level=error msg="In vendorcontroller line 726, Data not found in FilterVendor"
time="2024-02-05T11:17:28+05:30" level=error msg="In vendorcontroller line 1026,Error occurred while unmarshalling JSON in CreateVendorContact" error="unexpected end of JSON input"
time="2024-02-05T11:17:28+05:30" level=error msg="In vendorcontroller line 1026,Error occurred while unmarshalling JSON in CreateVendorContact" error="unexpected end of JSON input"
time="2024-02-05T11:23:23+05:30" level=error msg="In vendorcontroller line 726, Data not found in FilterVendor"
time="2024-02-05T11:23:23+05:30" level=error msg="In vendorcontroller line 726, Data not found in FilterVendor"
time="2024-02-05T11:23:49+05:30" level=error msg="In vendorcontroller line 726, Data not found in FilterVendor"
time="2024-02-05T11:23:49+05:30" level=error msg="In vendorcontroller line 726, Data not found in FilterVendor"
time="2024-02-05T11:23:58+05:30" level=error msg="In vendorcontroller line 726, Data not found in FilterVendor"
time="2024-02-05T11:23:58+05:30" level=error msg="In vendorcontroller line 726, Data not found in FilterVendor"
time="2024-02-05T11:24:06+05:30" level=error msg="In vendorcontroller line 726, Data not found in FilterVendor"
time="2024-02-05T11:24:06+05:30" level=error msg="In vendorcontroller line 726, Data not found in FilterVendor"
time="2024-02-05T11:29:23+05:30" level=info msg="Connection established with logger service for the vendor module"
time="2024-02-05T11:29:23+05:30" level=info msg="Connection established with logger service for the vendor module"
time="2024-02-05T11:29:40+05:30" level=error msg="Invalid date parameters" error="parsing time \"2024-01-20\": hour out of range"
time="2024-02-05T11:29:40+05:30" level=error msg="Invalid date parameters" error="parsing time \"2024-01-20\": hour out of range"
time="2024-02-05T11:29:53+05:30" level=error msg="Invalid date parameters" error="parsing time \"2024-01-31\": hour out of range"
time="2024-02-05T11:29:53+05:30" level=error msg="Invalid date parameters" error="parsing time \"2024-01-31\": hour out of range"
time="2024-02-05T11:42:02+05:30" level=info msg="Connection established with logger service for the vendor module"
time="2024-02-05T11:42:02+05:30" level=info msg="Connection established with logger service for the vendor module"
time="2024-02-05T11:42:36+05:30" level=error msg="Invalid date parameters" error="parsing time \"2024-01-31\": hour out of range"
time="2024-02-05T11:42:36+05:30" level=error msg="Invalid date parameters" error="parsing time \"2024-01-31\": hour out of range"
time="2024-02-05T11:45:35+05:30" level=error msg="Invalid date parameters" error="parsing time \"2024-01-02\" as \"2006-01-31\": cannot parse \"\" as \"1\""
time="2024-02-05T11:45:35+05:30" level=error msg="Invalid date parameters" error="parsing time \"2024-01-02\" as \"2006-01-31\": cannot parse \"\" as \"1\""
time="2024-02-05T11:48:47+05:30" level=error msg="Invalid date parameters" error="parsing time \"2024-31-01\": month out of range"
time="2024-02-05T11:48:47+05:30" level=error msg="Invalid date parameters" error="parsing time \"2024-31-01\": month out of range"
time="2024-02-05T11:49:07+05:30" level=error msg="Invalid date parameters" error="parsing time \"2024-01-10\" as \"2006-01-31\": cannot parse \"\" as \"1\""
time="2024-02-05T11:49:07+05:30" level=error msg="Invalid date parameters" error="parsing time \"2024-01-10\" as \"2006-01-31\": cannot parse \"\" as \"1\""
time="2024-02-05T11:52:08+05:30" level=info msg="Connection established with logger service for the vendor module"
time="2024-02-05T11:52:08+05:30" level=info msg="Connection established with logger service for the vendor module"
time="2024-02-05T11:52:49+05:30" level=error msg="Invalid date parameters" error="parsing time \"2024-01-10\" as \"2006-01-31\": cannot parse \"\" as \"1\""
time="2024-02-05T11:52:49+05:30" level=error msg="Invalid date parameters" error="parsing time \"2024-01-10\" as \"2006-01-31\": cannot parse \"\" as \"1\""
time="2024-02-05T11:54:29+05:30" level=info msg="Connection established with logger service for the vendor module"
time="2024-02-05T11:54:29+05:30" level=info msg="Connection established with logger service for the vendor module"
time="2024-02-05T11:54:37+05:30" level=error msg="Invalid date parameters" error="parsing time \"2024-01-10\" as \"2006-01-31\": cannot parse \"\" as \"1\""
time="2024-02-05T11:54:37+05:30" level=error msg="Invalid date parameters" error="parsing time \"2024-01-10\" as \"2006-01-31\": cannot parse \"\" as \"1\""
time="2024-02-05T11:55:33+05:30" level=info msg="Connection established with logger service for the vendor module"
time="2024-02-05T11:55:33+05:30" level=info msg="Connection established with logger service for the vendor module"
time="2024-02-05T11:55:46+05:30" level=error msg="In vendorcontroller line 726, Data not found in FilterVendor"
time="2024-02-05T11:55:46+05:30" level=error msg="In vendorcontroller line 726, Data not found in FilterVendor"
time="2024-02-05T11:55:56+05:30" level=error msg="In vendorcontroller line 726, Data not found in FilterVendor"
time="2024-02-05T11:55:56+05:30" level=error msg="In vendorcontroller line 726, Data not found in FilterVendor"
time="2024-02-05T11:56:07+05:30" level=error msg="In vendorcontroller line 726, Data not found in FilterVendor"
time="2024-02-05T11:56:07+05:30" level=error msg="In vendorcontroller line 726, Data not found in FilterVendor"
time="2024-02-05T11:56:47+05:30" level=info msg="Connection established with logger service for the vendor module"
time="2024-02-05T11:56:47+05:30" level=info msg="Connection established with logger service for the vendor module"
time="2024-02-05T11:56:54+05:30" level=error msg="Invalid date parameters" error="parsing time \"2024-01-31\": hour out of range"
time="2024-02-05T11:56:54+05:30" level=error msg="Invalid date parameters" error="parsing time \"2024-01-31\": hour out of range"
time="2024-02-05T11:57:11+05:30" level=info msg="Connection established with logger service for the vendor module"
time="2024-02-05T11:57:11+05:30" level=info msg="Connection established with logger service for the vendor module"
time="2024-02-05T11:57:19+05:30" level=error msg="In vendorcontroller line 726, Data not found in FilterVendor"
time="2024-02-05T11:57:19+05:30" level=error msg="In vendorcontroller line 726, Data not found in FilterVendor"
time="2024-02-05T12:05:47+05:30" level=error msg="In vendorcontroller line 726, Data not found in FilterVendor"
time="2024-02-05T12:05:47+05:30" level=error msg="In vendorcontroller line 726, Data not found in FilterVendor"
time="2024-02-05T12:07:25+05:30" level=info msg="Connection established with logger service for the vendor module"
time="2024-02-05T12:07:25+05:30" level=info msg="Connection established with logger service for the vendor module"
time="2024-02-05T12:07:42+05:30" level=error msg="Invalid date parameters" error="parsing time \"2024-01-31\": hour out of range"
time="2024-02-05T12:07:42+05:30" level=error msg="Invalid date parameters" error="parsing time \"2024-01-31\": hour out of range"
time="2024-02-05T12:10:26+05:30" level=info msg="Connection established with logger service for the vendor module"
time="2024-02-05T12:10:26+05:30" level=info msg="Connection established with logger service for the vendor module"
time="2024-02-05T12:10:55+05:30" level=error msg="In vendorcontroller line 726, Data not found in FilterVendor"
time="2024-02-05T12:10:55+05:30" level=error msg="In vendorcontroller line 726, Data not found in FilterVendor"
time="2024-02-05T12:11:10+05:30" level=error msg="In vendorcontroller line 726, Data not found in FilterVendor"
time="2024-02-05T12:11:10+05:30" level=error msg="In vendorcontroller line 726, Data not found in FilterVendor"
time="2024-02-05T12:11:39+05:30" level=error msg="In vendorcontroller line 726, Data not found in FilterVendor"
time="2024-02-05T12:11:39+05:30" level=error msg="In vendorcontroller line 726, Data not found in FilterVendor"
time="2024-02-05T12:17:19+05:30" level=info msg="Connection established with logger service for the vendor module"
time="2024-02-05T12:17:19+05:30" level=info msg="Connection established with logger service for the vendor module"
time="2024-02-05T12:17:29+05:30" level=error msg="In vendorcontroller line 726, Data not found in FilterVendor"
time="2024-02-05T12:17:29+05:30" level=error msg="In vendorcontroller line 726, Data not found in FilterVendor"
time="2024-02-05T12:37:37+05:30" level=info msg="Connection established with logger service for the vendor module"
time="2024-02-05T12:37:37+05:30" level=info msg="Connection established with logger service for the vendor module"
time="2024-02-05T12:37:44+05:30" level=error msg="In vendorcontroller line 726, Data not found in FilterVendor"
time="2024-02-05T12:37:44+05:30" level=error msg="In vendorcontroller line 726, Data not found in FilterVendor"
time="2024-02-05T12:39:38+05:30" level=info msg="Connection established with logger service for the vendor module"
time="2024-02-05T12:39:38+05:30" level=info msg="Connection established with logger service for the vendor module"
time="2024-02-05T12:39:47+05:30" level=error msg="In vendorcontroller line 726, Data not found in FilterVendor"
time="2024-02-05T12:39:47+05:30" level=error msg="In vendorcontroller line 726, Data not found in FilterVendor"
time="2024-02-05T12:40:11+05:30" level=error msg="In vendorcontroller line 726, Data not found in FilterVendor"
time="2024-02-05T12:40:11+05:30" level=error msg="In vendorcontroller line 726, Data not found in FilterVendor"
time="2024-02-05T12:40:17+05:30" level=error msg="In vendorcontroller line 726, Data not found in FilterVendor"
time="2024-02-05T12:40:17+05:30" level=error msg="In vendorcontroller line 726, Data not found in FilterVendor"
time="2024-02-05T12:42:13+05:30" level=error msg="In vendorcontroller line 726, Data not found in FilterVendor"
time="2024-02-05T12:42:13+05:30" level=error msg="In vendorcontroller line 726, Data not found in FilterVendor"
time="2024-02-05T12:44:36+05:30" level=info msg="Connection established with logger service for the vendor module"
time="2024-02-05T12:44:36+05:30" level=info msg="Connection established with logger service for the vendor module"
time="2024-02-05T12:44:43+05:30" level=error msg="In vendorcontroller line 726, Data not found in FilterVendor"
time="2024-02-05T12:44:43+05:30" level=error msg="In vendorcontroller line 726, Data not found in FilterVendor"
time="2024-02-05T12:58:15+05:30" level=info msg="Connection established with logger service for the vendor module"
time="2024-02-05T12:58:15+05:30" level=info msg="Connection established with logger service for the vendor module"
time="2024-02-05T12:58:31+05:30" level=error msg="In vendorcontroller line 726, Data not found in FilterVendor"
time="2024-02-05T12:58:31+05:30" level=error msg="In vendorcontroller line 726, Data not found in FilterVendor"
time="2024-02-05T13:03:18+05:30" level=info msg="Connection established with logger service for the vendor module"
time="2024-02-05T13:03:18+05:30" level=info msg="Connection established with logger service for the vendor module"
time="2024-02-05T13:03:34+05:30" level=error msg="In vendorcontroller line 772, Data not found in FilterVendor"
time="2024-02-05T13:03:34+05:30" level=error msg="In vendorcontroller line 772, Data not found in FilterVendor"
time="2024-02-05T13:06:11+05:30" level=error msg="In vendorcontroller line 772, Data not found in FilterVendor"
time="2024-02-05T13:06:11+05:30" level=error msg="In vendorcontroller line 772, Data not found in FilterVendor"
time="2024-02-05T13:07:11+05:30" level=error msg="In vendorcontroller line 772, Data not found in FilterVendor"
time="2024-02-05T13:07:11+05:30" level=error msg="In vendorcontroller line 772, Data not found in FilterVendor"
time="2024-02-05T13:53:25+05:30" level=error msg="Invalid date parameters" error="parsing time \"\" as \"2006-01-02\": cannot parse \"\" as \"2006\""
time="2024-02-05T13:53:25+05:30" level=error msg="Invalid date parameters" error="parsing time \"\" as \"2006-01-02\": cannot parse \"\" as \"2006\""
time="2024-02-05T13:54:22+05:30" level=error msg="Invalid date parameters" error="parsing time \"2023/08/02\" as \"2006-01-02\": cannot parse \"/08/02\" as \"-\""
time="2024-02-05T13:54:22+05:30" level=error msg="Invalid date parameters" error="parsing time \"2023/08/02\" as \"2006-01-02\": cannot parse \"/08/02\" as \"-\""
time="2024-02-05T14:08:21+05:30" level=error msg="In vendorcontroller line 772, Data not found in FilterVendor"
time="2024-02-05T14:08:21+05:30" level=error msg="In vendorcontroller line 772, Data not found in FilterVendor"
time="2024-02-05T14:13:36+05:30" level=info msg="Connection established with logger service for the vendor module"
time="2024-02-05T14:13:36+05:30" level=info msg="Connection established with logger service for the vendor module"
time="2024-02-05T14:14:34+05:30" level=error msg="Invalid date parameters" error="parsing time \"\" as \"2006-01-02\": cannot parse \"\" as \"2006\""
time="2024-02-05T14:14:34+05:30" level=error msg="Invalid date parameters" error="parsing time \"\" as \"2006-01-02\": cannot parse \"\" as \"2006\""
time="2024-02-05T14:15:00+05:30" level=error msg="Invalid date parameters" error="parsing time \"\" as \"2006-01-02\": cannot parse \"\" as \"2006\""
time="2024-02-05T14:15:00+05:30" level=error msg="Invalid date parameters" error="parsing time \"\" as \"2006-01-02\": cannot parse \"\" as \"2006\""
time="2024-02-05T14:16:20+05:30" level=error msg="Invalid date parameters" error="parsing time \"\" as \"2006-01-02\": cannot parse \"\" as \"2006\""
time="2024-02-05T14:16:20+05:30" level=error msg="Invalid date parameters" error="parsing time \"\" as \"2006-01-02\": cannot parse \"\" as \"2006\""
time="2024-02-05T14:16:30+05:30" level=error msg="In vendorcontroller line 772, Data not found in FilterVendor"
time="2024-02-05T14:16:30+05:30" level=error msg="In vendorcontroller line 772, Data not found in FilterVendor"
time="2024-02-05T14:16:46+05:30" level=error msg="Invalid date parameters" error="parsing time \"\" as \"2006-01-02\": cannot parse \"\" as \"2006\""
time="2024-02-05T14:16:46+05:30" level=error msg="Invalid date parameters" error="parsing time \"\" as \"2006-01-02\": cannot parse \"\" as \"2006\""
time="2024-02-05T14:21:31+05:30" level=info msg="Connection established with logger service for the vendor module"
time="2024-02-05T14:21:31+05:30" level=info msg="Connection established with logger service for the vendor module"
time="2024-02-05T14:22:20+05:30" level=error msg="only fromdate is given" error="parsing time \"\" as \"2006-01-02\": cannot parse \"\" as \"2006\""
time="2024-02-05T14:22:20+05:30" level=error msg="only fromdate is given" error="parsing time \"\" as \"2006-01-02\": cannot parse \"\" as \"2006\""
time="2024-02-05T14:22:20+05:30" level=error msg="Invalid date parameters" error="parsing time \"\" as \"2006-01-02\": cannot parse \"\" as \"2006\""
time="2024-02-05T14:22:20+05:30" level=error msg="Invalid date parameters" error="parsing time \"\" as \"2006-01-02\": cannot parse \"\" as \"2006\""
time="2024-02-05T14:24:08+05:30" level=info msg="Connection established with logger service for the vendor module"
time="2024-02-05T14:24:08+05:30" level=info msg="Connection established with logger service for the vendor module"
time="2024-02-05T14:24:16+05:30" level=error msg="In vendors.go line 942, fromdate is not mentioned" error="parsing time \"\" as \"2006-01-02\": cannot parse \"\" as \"2006\""
time="2024-02-05T14:24:16+05:30" level=error msg="In vendors.go line 942, fromdate is not mentioned" error="parsing time \"\" as \"2006-01-02\": cannot parse \"\" as \"2006\""
time="2024-02-05T14:24:16+05:30" level=error msg="Invalid date parameters" error="parsing time \"\" as \"2006-01-02\": cannot parse \"\" as \"2006\""
time="2024-02-05T14:24:16+05:30" level=error msg="Invalid date parameters" error="parsing time \"\" as \"2006-01-02\": cannot parse \"\" as \"2006\""
time="2024-02-05T14:26:55+05:30" level=info msg="Connection established with logger service for the vendor module"
time="2024-02-05T14:26:55+05:30" level=info msg="Connection established with logger service for the vendor module"
time="2024-02-05T14:27:43+05:30" level=error msg="In vendors.go line 942, fromdate is not mentioned" error="parsing time \"\" as \"2006-01-02\": cannot parse \"\" as \"2006\""
time="2024-02-05T14:27:43+05:30" level=error msg="In vendors.go line 942, fromdate is not mentioned" error="parsing time \"\" as \"2006-01-02\": cannot parse \"\" as \"2006\""
time="2024-02-05T14:27:43+05:30" level=error msg="Invalid date parameters" error="parsing time \"\" as \"2006-01-02\": cannot parse \"\" as \"2006\""
time="2024-02-05T14:27:43+05:30" level=error msg="Invalid date parameters" error="parsing time \"\" as \"2006-01-02\": cannot parse \"\" as \"2006\""
time="2024-02-05T14:38:08+05:30" level=info msg="Connection established with logger service for the vendor module"
time="2024-02-05T14:38:08+05:30" level=info msg="Connection established with logger service for the vendor module"
time="2024-02-05T14:38:19+05:30" level=error msg="In vendors.go line 942, fromdate is not mentioned" error="parsing time \"\" as \"2006-01-02\": cannot parse \"\" as \"2006\""
time="2024-02-05T14:38:19+05:30" level=error msg="In vendors.go line 942, fromdate is not mentioned" error="parsing time \"\" as \"2006-01-02\": cannot parse \"\" as \"2006\""
time="2024-02-05T14:38:19+05:30" level=error msg="Invalid date parameters" error="parsing time \"\" as \"2006-01-02\": cannot parse \"\" as \"2006\""
time="2024-02-05T14:38:19+05:30" level=error msg="Invalid date parameters" error="parsing time \"\" as \"2006-01-02\": cannot parse \"\" as \"2006\""
time="2024-02-05T14:51:04+05:30" level=info msg="Connection established with logger service for the vendor module"
time="2024-02-05T14:51:04+05:30" level=info msg="Connection established with logger service for the vendor module"
time="2024-02-05T14:52:02+05:30" level=error msg="In vendorcontroller line 772, Data not found in FilterVendor"
time="2024-02-05T14:52:02+05:30" level=error msg="In vendorcontroller line 772, Data not found in FilterVendor"
time="2024-02-05T14:53:37+05:30" level=info msg="Connection established with logger service for the vendor module"
time="2024-02-05T14:53:37+05:30" level=info msg="Connection established with logger service for the vendor module"
time="2024-02-05T14:54:02+05:30" level=error msg="To date is not mentioned or invalid" error="parsing time \"2024-08-30\": extra text: \"2024-08-30\""
time="2024-02-05T14:54:02+05:30" level=error msg="To date is not mentioned or invalid" error="parsing time \"2024-08-30\": extra text: \"2024-08-30\""
time="2024-02-05T14:54:02+05:30" level=error msg="Invalid date parameters" error="parsing time \"2024-08-30\": extra text: \"2024-08-30\""
time="2024-02-05T14:54:02+05:30" level=error msg="Invalid date parameters" error="parsing time \"2024-08-30\": extra text: \"2024-08-30\""
time="2024-02-05T15:04:41+05:30" level=info msg="Connection established with logger service for the vendor module"
time="2024-02-05T15:04:41+05:30" level=info msg="Connection established with logger service for the vendor module"
time="2024-02-05T15:04:50+05:30" level=error msg="To date is not mentioned or invalid" error="parsing time \"2024-08-30\": extra text: \"2024-08-30\""
time="2024-02-05T15:04:50+05:30" level=error msg="To date is not mentioned or invalid" error="parsing time \"2024-08-30\": extra text: \"2024-08-30\""
time="2024-02-05T15:04:50+05:30" level=error msg="Invalid date parameters" error="parsing time \"2024-08-30\": extra text: \"2024-08-30\""
time="2024-02-05T15:04:50+05:30" level=error msg="Invalid date parameters" error="parsing time \"2024-08-30\": extra text: \"2024-08-30\""
time="2024-02-05T15:05:33+05:30" level=info msg="Connection established with logger service for the vendor module"
time="2024-02-05T15:05:33+05:30" level=info msg="Connection established with logger service for the vendor module"
time="2024-02-05T15:05:41+05:30" level=error msg="from date is not mentioned or invalid" error="parsing time \"2024-08-30\": extra text: \"2024-08-30\""
time="2024-02-05T15:05:41+05:30" level=error msg="from date is not mentioned or invalid" error="parsing time \"2024-08-30\": extra text: \"2024-08-30\""
time="2024-02-05T15:05:41+05:30" level=error msg="Invalid date parameters" error="parsing time \"2024-08-30\": extra text: \"2024-08-30\""
time="2024-02-05T15:05:41+05:30" level=error msg="Invalid date parameters" error="parsing time \"2024-08-30\": extra text: \"2024-08-30\""
time="2024-02-05T15:06:04+05:30" level=error msg="to date is not mentioned or invalid" error="parsing time \"2024-01-02\": extra text: \"2024-01-02\""
time="2024-02-05T15:06:04+05:30" level=error msg="to date is not mentioned or invalid" error="parsing time \"2024-01-02\": extra text: \"2024-01-02\""
time="2024-02-05T15:06:04+05:30" level=error msg="Invalid date parameters" error="parsing time \"2024-01-02\": extra text: \"2024-01-02\""
time="2024-02-05T15:06:04+05:30" level=error msg="Invalid date parameters" error="parsing time \"2024-01-02\": extra text: \"2024-01-02\""
time="2024-02-05T15:06:36+05:30" level=error msg="In vendorcontroller line 772, Data not found in FilterVendor"
time="2024-02-05T15:06:36+05:30" level=error msg="In vendorcontroller line 772, Data not found in FilterVendor"
time="2024-02-05T15:07:34+05:30" level=info msg="Connection established with logger service for the vendor module"
time="2024-02-05T15:07:34+05:30" level=info msg="Connection established with logger service for the vendor module"
time="2024-02-05T15:08:04+05:30" level=error msg="from date is not mentioned or invalid" error="parsing time \"2025-12-31\": extra text: \"2025-12-31\""
time="2024-02-05T15:08:04+05:30" level=error msg="from date is not mentioned or invalid" error="parsing time \"2025-12-31\": extra text: \"2025-12-31\""
time="2024-02-05T15:08:04+05:30" level=error msg="Invalid date parameters" error="parsing time \"2025-12-31\": extra text: \"2025-12-31\""
time="2024-02-05T15:08:04+05:30" level=error msg="Invalid date parameters" error="parsing time \"2025-12-31\": extra text: \"2025-12-31\""
time="2024-02-05T15:35:11+05:30" level=info msg="Connection established with logger service for the vendor module"
time="2024-02-05T15:35:11+05:30" level=info msg="Connection established with logger service for the vendor module"
time="2024-02-05T15:35:35+05:30" level=error msg="Invalid date parameters" error="parsing time \"\" as \"2006-01-02\": cannot parse \"\" as \"2006\""
time="2024-02-05T15:35:35+05:30" level=error msg="Invalid date parameters" error="parsing time \"\" as \"2006-01-02\": cannot parse \"\" as \"2006\""
time="2024-02-05T15:35:47+05:30" level=error msg="Invalid date parameters" error="parsing time \"\" as \"2006-01-02\": cannot parse \"\" as \"2006\""
time="2024-02-05T15:35:47+05:30" level=error msg="Invalid date parameters" error="parsing time \"\" as \"2006-01-02\": cannot parse \"\" as \"2006\""
time="2024-02-05T15:37:32+05:30" level=info msg="Connection established with logger service for the vendor module"
time="2024-02-05T15:37:32+05:30" level=info msg="Connection established with logger service for the vendor module"
time="2024-02-05T15:37:45+05:30" level=error msg="Invalid date parameters" error="parsing time \"\" as \"2006-01-02\": cannot parse \"\" as \"2006\""
time="2024-02-05T15:37:45+05:30" level=error msg="Invalid date parameters" error="parsing time \"\" as \"2006-01-02\": cannot parse \"\" as \"2006\""
time="2024-02-05T15:55:31+05:30" level=info msg="Connection established with logger service for the vendor module"
time="2024-02-05T15:55:31+05:30" level=info msg="Connection established with logger service for the vendor module"
time="2024-02-05T16:05:57+05:30" level=error msg="Invalid date parameters" error="parsing time \"\" as \"2006-01-02\": cannot parse \"\" as \"2006\""
time="2024-02-05T16:05:57+05:30" level=error msg="Invalid date parameters" error="parsing time \"\" as \"2006-01-02\": cannot parse \"\" as \"2006\""
time="2024-02-05T16:09:04+05:30" level=info msg="Connection established with logger service for the vendor module"
time="2024-02-05T16:09:04+05:30" level=info msg="Connection established with logger service for the vendor module"
time="2024-02-05T16:09:54+05:30" level=error msg="Invalid date parameters" error="parsing time \"\" as \"2006-01-02\": cannot parse \"\" as \"2006\""
time="2024-02-05T16:09:54+05:30" level=error msg="Invalid date parameters" error="parsing time \"\" as \"2006-01-02\": cannot parse \"\" as \"2006\""
time="2024-02-05T16:11:24+05:30" level=info msg="Connection established with logger service for the vendor module"
time="2024-02-05T16:11:24+05:30" level=info msg="Connection established with logger service for the vendor module"
time="2024-02-05T16:11:52+05:30" level=error msg="Invalid date parameters" error="parsing time \"2024-01-02\": extra text: \"2024-01-02\""
time="2024-02-05T16:11:52+05:30" level=error msg="Invalid date parameters" error="parsing time \"2024-01-02\": extra text: \"2024-01-02\""
time="2024-02-05T16:11:56+05:30" level=error msg="Invalid date parameters" error="parsing time \"2024-01-02\": extra text: \"2024-01-02\""
time="2024-02-05T16:11:56+05:30" level=error msg="Invalid date parameters" error="parsing time \"2024-01-02\": extra text: \"2024-01-02\""
time="2024-02-05T16:12:16+05:30" level=error msg="Invalid date parameters" error="parsing time \"2024-01-02\": extra text: \"2024-01-02\""
time="2024-02-05T16:12:16+05:30" level=error msg="Invalid date parameters" error="parsing time \"2024-01-02\": extra text: \"2024-01-02\""
time="2024-02-05T16:13:19+05:30" level=info msg="Connection established with logger service for the vendor module"
time="2024-02-05T16:13:19+05:30" level=info msg="Connection established with logger service for the vendor module"
time="2024-02-05T16:14:22+05:30" level=info msg="Connection established with logger service for the vendor module"
time="2024-02-05T16:14:22+05:30" level=info msg="Connection established with logger service for the vendor module"
time="2024-02-05T16:15:16+05:30" level=error msg="Invalid date parameters" error="parsing time \"\" as \"2006-01-02\": cannot parse \"\" as \"2006\""
time="2024-02-05T16:15:16+05:30" level=error msg="Invalid date parameters" error="parsing time \"\" as \"2006-01-02\": cannot parse \"\" as \"2006\""
time="2024-02-05T16:15:47+05:30" level=error msg="Invalid date parameters" error="parsing time \"\" as \"2006-01-02\": cannot parse \"\" as \"2006\""
time="2024-02-05T16:15:47+05:30" level=error msg="Invalid date parameters" error="parsing time \"\" as \"2006-01-02\": cannot parse \"\" as \"2006\""
time="2024-02-05T16:19:13+05:30" level=info msg="Connection established with logger service for the vendor module"
time="2024-02-05T16:19:13+05:30" level=info msg="Connection established with logger service for the vendor module"
time="2024-02-05T16:19:28+05:30" level=error msg="Invalid date parameters" error="parsing time \"\" as \"2006-01-02\": cannot parse \"\" as \"2006\""
time="2024-02-05T16:19:28+05:30" level=error msg="Invalid date parameters" error="parsing time \"\" as \"2006-01-02\": cannot parse \"\" as \"2006\""
time="2024-02-05T16:19:43+05:30" level=error msg="Invalid date parameters" error="parsing time \"\" as \"2006-01-02\": cannot parse \"\" as \"2006\""
time="2024-02-05T16:19:43+05:30" level=error msg="Invalid date parameters" error="parsing time \"\" as \"2006-01-02\": cannot parse \"\" as \"2006\""
time="2024-02-05T16:24:25+05:30" level=info msg="Connection established with logger service for the vendor module"
time="2024-02-05T16:24:25+05:30" level=info msg="Connection established with logger service for the vendor module"
time="2024-02-05T16:24:32+05:30" level=error msg="Invalid date parameters" error="parsing time \"\" as \"2006-01-02\": cannot parse \"\" as \"2006\""
time="2024-02-05T16:24:32+05:30" level=error msg="Invalid date parameters" error="parsing time \"\" as \"2006-01-02\": cannot parse \"\" as \"2006\""
time="2024-02-05T16:24:46+05:30" level=error msg="Invalid date parameters" error="parsing time \"\" as \"2006-01-02\": cannot parse \"\" as \"2006\""
time="2024-02-05T16:24:46+05:30" level=error msg="Invalid date parameters" error="parsing time \"\" as \"2006-01-02\": cannot parse \"\" as \"2006\""
time="2024-02-05T16:24:55+05:30" level=error msg="Invalid date parameters" error="parsing time \"\" as \"2006-01-02\": cannot parse \"\" as \"2006\""
time="2024-02-05T16:24:55+05:30" level=error msg="Invalid date parameters" error="parsing time \"\" as \"2006-01-02\": cannot parse \"\" as \"2006\""
time="2024-02-05T16:32:51+05:30" level=info msg="Connection established with logger service for the vendor module"
time="2024-02-05T16:32:51+05:30" level=info msg="Connection established with logger service for the vendor module"
time="2024-02-05T16:33:15+05:30" level=error msg="Invalid date parameters" error="parsing time \"\" as \"2006-01-02\": cannot parse \"\" as \"2006\""
time="2024-02-05T16:33:15+05:30" level=error msg="Invalid date parameters" error="parsing time \"\" as \"2006-01-02\": cannot parse \"\" as \"2006\""
time="2024-02-05T18:26:09+05:30" level=info msg="Connection established with logger service for the vendor module"
time="2024-02-05T18:26:09+05:30" level=info msg="Connection established with logger service for the vendor module"
time="2024-02-05T18:26:26+05:30" level=error msg="Invalid date parameters" error="parsing time \"\" as \"2006-01-02\": cannot parse \"\" as \"2006\""
time="2024-02-05T18:26:26+05:30" level=error msg="Invalid date parameters" error="parsing time \"\" as \"2006-01-02\": cannot parse \"\" as \"2006\""
time="2024-02-05T18:38:57+05:30" level=info msg="Connection established with logger service for the vendor module"
time="2024-02-05T18:38:57+05:30" level=info msg="Connection established with logger service for the vendor module"
time="2024-02-05T18:39:18+05:30" level=error msg="Invalid date parameters" error="parsing time \"\" as \"2006-01-02\": cannot parse \"\" as \"2006\""
time="2024-02-05T18:39:18+05:30" level=error msg="Invalid date parameters" error="parsing time \"\" as \"2006-01-02\": cannot parse \"\" as \"2006\""
time="2024-02-05T18:39:30+05:30" level=error msg="Invalid date parameters" error="parsing time \"\" as \"2006-01-02\": cannot parse \"\" as \"2006\""
time="2024-02-05T18:39:30+05:30" level=error msg="Invalid date parameters" error="parsing time \"\" as \"2006-01-02\": cannot parse \"\" as \"2006\""
time="2024-02-05T18:53:41+05:30" level=info msg="Connection established with logger service for the vendor module"
time="2024-02-05T18:53:41+05:30" level=info msg="Connection established with logger service for the vendor module"
time="2024-02-05T18:53:55+05:30" level=error msg="In vendorcontroller line 772, Data not found in FilterVendor"
time="2024-02-05T18:53:55+05:30" level=error msg="In vendorcontroller line 772, Data not found in FilterVendor"
time="2024-02-05T18:54:29+05:30" level=error msg="In vendorcontroller line 772, Data not found in FilterVendor"
time="2024-02-05T18:54:29+05:30" level=error msg="In vendorcontroller line 772, Data not found in FilterVendor"
time="2024-02-05T18:55:41+05:30" level=error msg="In vendorcontroller line 772, Data not found in FilterVendor"
time="2024-02-05T18:55:41+05:30" level=error msg="In vendorcontroller line 772, Data not found in FilterVendor"
time="2024-02-05T18:57:29+05:30" level=info msg="Connection established with logger service for the vendor module"
time="2024-02-05T18:57:29+05:30" level=info msg="Connection established with logger service for the vendor module"
time="2024-02-05T18:59:26+05:30" level=info msg="Connection established with logger service for the vendor module"
time="2024-02-05T18:59:26+05:30" level=info msg="Connection established with logger service for the vendor module"
time="2024-02-05T18:59:40+05:30" level=error msg="Invalid date parameters" error="parsing time \"2024-01-02\": extra text: \"2024-01-02\""
time="2024-02-05T18:59:40+05:30" level=error msg="Invalid date parameters" error="parsing time \"2024-01-02\": extra text: \"2024-01-02\""
time="2024-02-05T18:59:45+05:30" level=error msg="Invalid date parameters" error="parsing time \"2024-01-02\": extra text: \"2024-01-02\""
time="2024-02-05T18:59:45+05:30" level=error msg="Invalid date parameters" error="parsing time \"2024-01-02\": extra text: \"2024-01-02\""
time="2024-02-05T19:05:55+05:30" level=info msg="Connection established with logger service for the vendor module"
time="2024-02-05T19:05:55+05:30" level=info msg="Connection established with logger service for the vendor module"
time="2024-02-05T19:06:10+05:30" level=error msg="Invalid date parameters" error="parsing time \"\" as \"2006-01-02\": cannot parse \"\" as \"2006\""
time="2024-02-05T19:06:10+05:30" level=error msg="Invalid date parameters" error="parsing time \"\" as \"2006-01-02\": cannot parse \"\" as \"2006\""
time="2024-02-05T19:06:19+05:30" level=error msg="Invalid date parameters" error="parsing time \"\" as \"2006-01-02\": cannot parse \"\" as \"2006\""
time="2024-02-05T19:06:19+05:30" level=error msg="Invalid date parameters" error="parsing time \"\" as \"2006-01-02\": cannot parse \"\" as \"2006\""
time="2024-02-05T19:10:36+05:30" level=info msg="Connection established with logger service for the vendor module"
time="2024-02-05T19:10:36+05:30" level=info msg="Connection established with logger service for the vendor module"
time="2024-02-06T10:37:03+05:30" level=info msg="Connection established with logger service for the vendor module"
time="2024-02-06T10:37:03+05:30" level=info msg="Connection established with logger service for the vendor module"
time="2024-02-06T10:38:40+05:30" level=error msg="In vendorcontroller line 772, Data not found in FilterVendor"
time="2024-02-06T10:38:40+05:30" level=error msg="In vendorcontroller line 772, Data not found in FilterVendor"
time="2024-02-06T10:38:51+05:30" level=error msg="In vendorcontroller line 772, Data not found in FilterVendor"
time="2024-02-06T10:38:51+05:30" level=error msg="In vendorcontroller line 772, Data not found in FilterVendor"
time="2024-02-06T10:51:22+05:30" level=info msg="Connection established with logger service for the vendor module"
time="2024-02-06T10:51:22+05:30" level=info msg="Connection established with logger service for the vendor module"
time="2024-02-06T10:52:54+05:30" level=info msg="Connection established with logger service for the vendor module"
time="2024-02-06T10:52:54+05:30" level=info msg="Connection established with logger service for the vendor module"
time="2024-02-06T10:57:25+05:30" level=info msg="Connection established with logger service for the vendor module"
time="2024-02-06T10:57:25+05:30" level=info msg="Connection established with logger service for the vendor module"
time="2024-02-06T10:57:32+05:30" level=error msg="Invalid date parameters" error="failed to parse fromDate"
time="2024-02-06T10:57:32+05:30" level=error msg="Invalid date parameters" error="failed to parse fromDate"
time="2024-02-06T10:59:26+05:30" level=error msg="Invalid date parameters" error="failed to parse fromDate"
time="2024-02-06T10:59:26+05:30" level=error msg="Invalid date parameters" error="failed to parse fromDate"
time="2024-02-06T10:59:32+05:30" level=error msg="Invalid date parameters" error="failed to parse fromDate"
time="2024-02-06T10:59:32+05:30" level=error msg="Invalid date parameters" error="failed to parse fromDate"
time="2024-02-06T10:59:39+05:30" level=error msg="Invalid date parameters" error="failed to parse fromDate"
time="2024-02-06T10:59:39+05:30" level=error msg="Invalid date parameters" error="failed to parse fromDate"
time="2024-02-06T10:59:47+05:30" level=error msg="Invalid date parameters" error="failed to parse fromDate"
time="2024-02-06T10:59:47+05:30" level=error msg="Invalid date parameters" error="failed to parse fromDate"
time="2024-02-06T11:01:14+05:30" level=info msg="Connection established with logger service for the vendor module"
time="2024-02-06T11:01:14+05:30" level=info msg="Connection established with logger service for the vendor module"
time="2024-02-06T11:01:21+05:30" level=error msg="Invalid date parameters" error="failed to parse fromDate"
time="2024-02-06T11:01:21+05:30" level=error msg="Invalid date parameters" error="failed to parse fromDate"
time="2024-02-06T11:01:41+05:30" level=error msg="Invalid date parameters" error="failed to parse fromDate"
time="2024-02-06T11:01:41+05:30" level=error msg="Invalid date parameters" error="failed to parse fromDate"
time="2024-02-06T11:01:50+05:30" level=error msg="Invalid date parameters" error="failed to parse fromDate"
time="2024-02-06T11:01:50+05:30" level=error msg="Invalid date parameters" error="failed to parse fromDate"
time="2024-02-06T11:09:49+05:30" level=info msg="Connection established with logger service for the vendor module"
time="2024-02-06T11:09:49+05:30" level=info msg="Connection established with logger service for the vendor module"
time="2024-02-06T11:09:57+05:30" level=error msg="Invalid date parameters" error="failed to parse fromDate"
time="2024-02-06T11:09:57+05:30" level=error msg="Invalid date parameters" error="failed to parse fromDate"
time="2024-02-06T11:10:00+05:30" level=error msg="Invalid date parameters" error="failed to parse fromDate"
time="2024-02-06T11:10:00+05:30" level=error msg="Invalid date parameters" error="failed to parse fromDate"
time="2024-02-06T11:10:39+05:30" level=info msg="Connection established with logger service for the vendor module"
time="2024-02-06T11:10:39+05:30" level=info msg="Connection established with logger service for the vendor module"
time="2024-02-06T11:10:45+05:30" level=error msg="Invalid date parameters" error="failed to parse toDate"
time="2024-02-06T11:10:45+05:30" level=error msg="Invalid date parameters" error="failed to parse toDate"
time="2024-02-06T11:45:15+05:30" level=info msg="Connection established with logger service for the vendor module"
time="2024-02-06T11:45:15+05:30" level=info msg="Connection established with logger service for the vendor module"
time="2024-02-06T11:45:37+05:30" level=error msg="Invalid date parameters" error="parsing time \"\" as \"2006-01-02\": cannot parse \"\" as \"2006\""
time="2024-02-06T11:45:37+05:30" level=error msg="Invalid date parameters" error="parsing time \"\" as \"2006-01-02\": cannot parse \"\" as \"2006\""
time="2024-02-06T11:46:00+05:30" level=error msg="Invalid date parameters" error="parsing time \"\" as \"2006-01-02\": cannot parse \"\" as \"2006\""
time="2024-02-06T11:46:00+05:30" level=error msg="Invalid date parameters" error="parsing time \"\" as \"2006-01-02\": cannot parse \"\" as \"2006\""
time="2024-02-06T11:46:22+05:30" level=error msg="Invalid date parameters" error="parsing time \"\" as \"2006-01-02\": cannot parse \"\" as \"2006\""
time="2024-02-06T11:46:22+05:30" level=error msg="Invalid date parameters" error="parsing time \"\" as \"2006-01-02\": cannot parse \"\" as \"2006\""
time="2024-02-06T11:46:32+05:30" level=error msg="Invalid date parameters" error="parsing time \"\" as \"2006-01-02\": cannot parse \"\" as \"2006\""
time="2024-02-06T11:46:32+05:30" level=error msg="Invalid date parameters" error="parsing time \"\" as \"2006-01-02\": cannot parse \"\" as \"2006\""
time="2024-02-06T11:47:00+05:30" level=error msg="Invalid date parameters" error="parsing time \"\" as \"2006-01-02\": cannot parse \"\" as \"2006\""
time="2024-02-06T11:47:00+05:30" level=error msg="Invalid date parameters" error="parsing time \"\" as \"2006-01-02\": cannot parse \"\" as \"2006\""
time="2024-02-06T11:47:07+05:30" level=error msg="Invalid date parameters" error="parsing time \"\" as \"2006-01-02\": cannot parse \"\" as \"2006\""
time="2024-02-06T11:47:07+05:30" level=error msg="Invalid date parameters" error="parsing time \"\" as \"2006-01-02\": cannot parse \"\" as \"2006\""
time="2024-02-06T11:47:15+05:30" level=error msg="Invalid date parameters" error="parsing time \"\" as \"2006-01-02\": cannot parse \"\" as \"2006\""
time="2024-02-06T11:47:15+05:30" level=error msg="Invalid date parameters" error="parsing time \"\" as \"2006-01-02\": cannot parse \"\" as \"2006\""
time="2024-02-06T11:49:28+05:30" level=info msg="Connection established with logger service for the vendor module"
time="2024-02-06T11:49:28+05:30" level=info msg="Connection established with logger service for the vendor module"
time="2024-02-06T11:49:42+05:30" level=error msg="Invalid date parameters" error="parsing time \"\" as \"2006-01-02\": cannot parse \"\" as \"2006\""
time="2024-02-06T11:49:42+05:30" level=error msg="Invalid date parameters" error="parsing time \"\" as \"2006-01-02\": cannot parse \"\" as \"2006\""
time="2024-02-06T11:52:26+05:30" level=info msg="Connection established with logger service for the vendor module"
time="2024-02-06T11:52:26+05:30" level=info msg="Connection established with logger service for the vendor module"
time="2024-02-06T11:52:39+05:30" level=error msg="Invalid date parameters" error="parsing time \"\" as \"2006-01-02\": cannot parse \"\" as \"2006\""
time="2024-02-06T11:52:39+05:30" level=error msg="Invalid date parameters" error="parsing time \"\" as \"2006-01-02\": cannot parse \"\" as \"2006\""
time="2024-02-06T12:16:59+05:30" level=info msg="Connection established with logger service for the vendor module"
time="2024-02-06T12:16:59+05:30" level=info msg="Connection established with logger service for the vendor module"
time="2024-02-06T12:18:12+05:30" level=info msg="Connection established with logger service for the vendor module"
time="2024-02-06T12:18:12+05:30" level=info msg="Connection established with logger service for the vendor module"
time="2024-02-06T12:21:16+05:30" level=info msg="Connection established with logger service for the vendor module"
time="2024-02-06T12:21:16+05:30" level=info msg="Connection established with logger service for the vendor module"
time="2024-02-06T12:37:11+05:30" level=info msg="Connection established with logger service for the vendor module"
time="2024-02-06T12:37:11+05:30" level=info msg="Connection established with logger service for the vendor module"
time="2024-02-06T12:37:30+05:30" level=error msg="Failed to parse fromDate" error="parsing time \"\" as \"2006-01-02\": cannot parse \"\" as \"2006\""
time="2024-02-06T12:37:30+05:30" level=error msg="Failed to parse fromDate" error="parsing time \"\" as \"2006-01-02\": cannot parse \"\" as \"2006\""
time="2024-02-06T12:37:30+05:30" level=error msg="Invalid date parameters" error="failed to parse fromDate"
time="2024-02-06T12:37:30+05:30" level=error msg="Invalid date parameters" error="failed to parse fromDate"
time="2024-02-06T12:37:39+05:30" level=error msg="Failed to parse toDate" error="parsing time \"\" as \"2006-01-02\": cannot parse \"\" as \"2006\""
time="2024-02-06T12:37:39+05:30" level=error msg="Failed to parse toDate" error="parsing time \"\" as \"2006-01-02\": cannot parse \"\" as \"2006\""
time="2024-02-06T12:37:39+05:30" level=error msg="Invalid date parameters" error="failed to parse toDate"
time="2024-02-06T12:37:39+05:30" level=error msg="Invalid date parameters" error="failed to parse toDate"
time="2024-02-06T12:39:07+05:30" level=info msg="Connection established with logger service for the vendor module"
time="2024-02-06T12:39:07+05:30" level=info msg="Connection established with logger service for the vendor module"
time="2024-02-06T12:39:36+05:30" level=error msg="Failed to parse fromDate" error="parsing time \"\" as \"2006-01-02\": cannot parse \"\" as \"2006\""
time="2024-02-06T12:39:36+05:30" level=error msg="Failed to parse fromDate" error="parsing time \"\" as \"2006-01-02\": cannot parse \"\" as \"2006\""
time="2024-02-06T12:39:36+05:30" level=error msg="Invalid date parameters" error="failed to parse fromDate"
time="2024-02-06T12:39:36+05:30" level=error msg="Invalid date parameters" error="failed to parse fromDate"
time="2024-02-06T12:40:50+05:30" level=info msg="Connection established with logger service for the vendor module"
time="2024-02-06T12:40:50+05:30" level=info msg="Connection established with logger service for the vendor module"
time="2024-02-06T12:42:02+05:30" level=info msg="Connection established with logger service for the vendor module"
time="2024-02-06T12:42:02+05:30" level=info msg="Connection established with logger service for the vendor module"
time="2024-02-06T12:42:43+05:30" level=error msg="In vendorcontroller line 772, Data not found in FilterVendor"
time="2024-02-06T12:42:43+05:30" level=error msg="In vendorcontroller line 772, Data not found in FilterVendor"
time="2024-02-06T12:42:59+05:30" level=error msg="Failed to parse fromDate" error="parsing time \"\" as \"2006-01-02\": cannot parse \"\" as \"2006\""
time="2024-02-06T12:42:59+05:30" level=error msg="Failed to parse fromDate" error="parsing time \"\" as \"2006-01-02\": cannot parse \"\" as \"2006\""
time="2024-02-06T12:42:59+05:30" level=error msg="Invalid date parameters" error="failed to parse fromDate"
time="2024-02-06T12:42:59+05:30" level=error msg="Invalid date parameters" error="failed to parse fromDate"
time="2024-02-06T12:43:09+05:30" level=error msg="In vendorcontroller line 772, Data not found in FilterVendor"
time="2024-02-06T12:43:09+05:30" level=error msg="In vendorcontroller line 772, Data not found in FilterVendor"
time="2024-02-06T12:43:23+05:30" level=error msg="In vendorcontroller line 772, Data not found in FilterVendor"
time="2024-02-06T12:43:23+05:30" level=error msg="In vendorcontroller line 772, Data not found in FilterVendor"
time="2024-02-06T12:43:25+05:30" level=error msg="In vendorcontroller line 772, Data not found in FilterVendor"
time="2024-02-06T12:43:25+05:30" level=error msg="In vendorcontroller line 772, Data not found in FilterVendor"
time="2024-02-06T12:43:33+05:30" level=error msg="In vendorcontroller line 772, Data not found in FilterVendor"
time="2024-02-06T12:43:33+05:30" level=error msg="In vendorcontroller line 772, Data not found in FilterVendor"
time="2024-02-06T12:43:44+05:30" level=error msg="Failed to parse fromDate" error="parsing time \"\" as \"2006-01-02\": cannot parse \"\" as \"2006\""
time="2024-02-06T12:43:44+05:30" level=error msg="Failed to parse fromDate" error="parsing time \"\" as \"2006-01-02\": cannot parse \"\" as \"2006\""
time="2024-02-06T12:43:44+05:30" level=error msg="Invalid date parameters" error="failed to parse fromDate"
time="2024-02-06T12:43:44+05:30" level=error msg="Invalid date parameters" error="failed to parse fromDate"
time="2024-02-06T12:44:35+05:30" level=info msg="Connection established with logger service for the vendor module"
time="2024-02-06T12:44:35+05:30" level=info msg="Connection established with logger service for the vendor module"
time="2024-02-06T12:45:23+05:30" level=error msg="Failed to parse fromDate" error="parsing time \"\" as \"2006-01-02\": cannot parse \"\" as \"2006\""
time="2024-02-06T12:45:23+05:30" level=error msg="Failed to parse fromDate" error="parsing time \"\" as \"2006-01-02\": cannot parse \"\" as \"2006\""
time="2024-02-06T12:45:23+05:30" level=error msg="Invalid date parameters" error="failed to parse fromDate"
time="2024-02-06T12:45:23+05:30" level=error msg="Invalid date parameters" error="failed to parse fromDate"
time="2024-02-06T12:45:40+05:30" level=error msg="Failed to parse fromDate" error="parsing time \"\" as \"2006-01-02\": cannot parse \"\" as \"2006\""
time="2024-02-06T12:45:40+05:30" level=error msg="Failed to parse fromDate" error="parsing time \"\" as \"2006-01-02\": cannot parse \"\" as \"2006\""
time="2024-02-06T12:45:40+05:30" level=error msg="Invalid date parameters" error="failed to parse fromDate"
time="2024-02-06T12:45:40+05:30" level=error msg="Invalid date parameters" error="failed to parse fromDate"
time="2024-02-06T12:49:35+05:30" level=info msg="Connection established with logger service for the vendor module"
time="2024-02-06T12:49:35+05:30" level=info msg="Connection established with logger service for the vendor module"
time="2024-02-06T12:49:46+05:30" level=error msg="Both fromDate and toDate are zero"
time="2024-02-06T12:49:46+05:30" level=error msg="Both fromDate and toDate are zero"
time="2024-02-06T12:49:46+05:30" level=error msg="Invalid date parameters" error="both fromDate and toDate are zero"
time="2024-02-06T12:49:46+05:30" level=error msg="Invalid date parameters" error="both fromDate and toDate are zero"
time="2024-02-06T12:49:58+05:30" level=error msg="Both fromDate and toDate are zero"
time="2024-02-06T12:49:58+05:30" level=error msg="Both fromDate and toDate are zero"
time="2024-02-06T12:49:58+05:30" level=error msg="Invalid date parameters" error="both fromDate and toDate are zero"
time="2024-02-06T12:49:58+05:30" level=error msg="Invalid date parameters" error="both fromDate and toDate are zero"
time="2024-02-06T12:50:05+05:30" level=error msg="Both fromDate and toDate are zero"
time="2024-02-06T12:50:05+05:30" level=error msg="Both fromDate and toDate are zero"
time="2024-02-06T12:50:05+05:30" level=error msg="Invalid date parameters" error="both fromDate and toDate are zero"
time="2024-02-06T12:50:05+05:30" level=error msg="Invalid date parameters" error="both fromDate and toDate are zero"
time="2024-02-06T12:50:53+05:30" level=info msg="Connection established with logger service for the vendor module"
time="2024-02-06T12:50:53+05:30" level=info msg="Connection established with logger service for the vendor module"
time="2024-02-06T12:51:07+05:30" level=error msg="Both fromDate and toDate are zero"
time="2024-02-06T12:51:07+05:30" level=error msg="Both fromDate and toDate are zero"
time="2024-02-06T12:51:07+05:30" level=error msg="Invalid date parameters" error="both fromDate and toDate are zero"
time="2024-02-06T12:51:07+05:30" level=error msg="Invalid date parameters" error="both fromDate and toDate are zero"
time="2024-02-06T12:52:05+05:30" level=info msg="Connection established with logger service for the vendor module"
time="2024-02-06T12:52:05+05:30" level=info msg="Connection established with logger service for the vendor module"
time="2024-02-06T12:55:29+05:30" level=info msg="Connection established with logger service for the vendor module"
time="2024-02-06T12:55:29+05:30" level=info msg="Connection established with logger service for the vendor module"
time="2024-02-06T12:56:01+05:30" level=error msg="Both fromDate and toDate are zero"
time="2024-02-06T12:56:01+05:30" level=error msg="Both fromDate and toDate are zero"
time="2024-02-06T12:56:01+05:30" level=error msg="Invalid date parameters" error="both fromDate and toDate are zero"
time="2024-02-06T12:56:01+05:30" level=error msg="Invalid date parameters" error="both fromDate and toDate are zero"
time="2024-02-06T12:56:12+05:30" level=error msg="Both fromDate and toDate are zero"
time="2024-02-06T12:56:12+05:30" level=error msg="Both fromDate and toDate are zero"
time="2024-02-06T12:56:12+05:30" level=error msg="Invalid date parameters" error="both fromDate and toDate are zero"
time="2024-02-06T12:56:12+05:30" level=error msg="Invalid date parameters" error="both fromDate and toDate are zero"
time="2024-02-06T12:56:30+05:30" level=error msg="Both fromDate and toDate are zero"
time="2024-02-06T12:56:30+05:30" level=error msg="Both fromDate and toDate are zero"
time="2024-02-06T12:56:30+05:30" level=error msg="Invalid date parameters" error="both fromDate and toDate are zero"
time="2024-02-06T12:56:30+05:30" level=error msg="Invalid date parameters" error="both fromDate and toDate are zero"
time="2024-02-06T12:56:32+05:30" level=error msg="Both fromDate and toDate are zero"
time="2024-02-06T12:56:32+05:30" level=error msg="Both fromDate and toDate are zero"
time="2024-02-06T12:56:32+05:30" level=error msg="Invalid date parameters" error="both fromDate and toDate are zero"
time="2024-02-06T12:56:32+05:30" level=error msg="Invalid date parameters" error="both fromDate and toDate are zero"
time="2024-02-06T13:05:37+05:30" level=info msg="Connection established with logger service for the vendor module"
time="2024-02-06T13:05:37+05:30" level=info msg="Connection established with logger service for the vendor module"
time="2024-02-06T13:05:46+05:30" level=error msg="Both fromDate  are zero"
time="2024-02-06T13:05:46+05:30" level=error msg="Both fromDate  are zero"
time="2024-02-06T13:05:46+05:30" level=error msg="Invalid date parameters" error="both fromDate are zero"
time="2024-02-06T13:05:46+05:30" level=error msg="Invalid date parameters" error="both fromDate are zero"
time="2024-02-06T13:05:56+05:30" level=error msg="Both fromDate  are zero"
time="2024-02-06T13:05:56+05:30" level=error msg="Both fromDate  are zero"
time="2024-02-06T13:05:56+05:30" level=error msg="Invalid date parameters" error="both fromDate are zero"
time="2024-02-06T13:05:56+05:30" level=error msg="Invalid date parameters" error="both fromDate are zero"
time="2024-02-06T13:06:05+05:30" level=error msg="Both fromDate  are zero"
time="2024-02-06T13:06:05+05:30" level=error msg="Both fromDate  are zero"
time="2024-02-06T13:06:05+05:30" level=error msg="Invalid date parameters" error="both fromDate are zero"
time="2024-02-06T13:06:05+05:30" level=error msg="Invalid date parameters" error="both fromDate are zero"
time="2024-02-06T13:06:12+05:30" level=error msg="Both fromDate  are zero"
time="2024-02-06T13:06:12+05:30" level=error msg="Both fromDate  are zero"
time="2024-02-06T13:06:12+05:30" level=error msg="Invalid date parameters" error="both fromDate are zero"
time="2024-02-06T13:06:12+05:30" level=error msg="Invalid date parameters" error="both fromDate are zero"
time="2024-02-06T13:06:17+05:30" level=error msg="Both fromDate  are zero"
time="2024-02-06T13:06:17+05:30" level=error msg="Both fromDate  are zero"
time="2024-02-06T13:06:17+05:30" level=error msg="Invalid date parameters" error="both fromDate are zero"
time="2024-02-06T13:06:17+05:30" level=error msg="Invalid date parameters" error="both fromDate are zero"
time="2024-02-06T13:08:59+05:30" level=info msg="Connection established with logger service for the vendor module"
time="2024-02-06T13:08:59+05:30" level=info msg="Connection established with logger service for the vendor module"
time="2024-02-06T13:09:47+05:30" level=error msg="Both fromDate and toDate are zero"
time="2024-02-06T13:09:47+05:30" level=error msg="Both fromDate and toDate are zero"
time="2024-02-06T13:09:47+05:30" level=error msg="Invalid date parameters" error="both fromDate and ToDate are zero"
time="2024-02-06T13:09:47+05:30" level=error msg="Invalid date parameters" error="both fromDate and ToDate are zero"
time="2024-02-06T13:09:58+05:30" level=error msg="Both fromDate and toDate are zero"
time="2024-02-06T13:09:58+05:30" level=error msg="Both fromDate and toDate are zero"
time="2024-02-06T13:09:58+05:30" level=error msg="Invalid date parameters" error="both fromDate and ToDate are zero"
time="2024-02-06T13:09:58+05:30" level=error msg="Invalid date parameters" error="both fromDate and ToDate are zero"
time="2024-02-06T13:54:02+05:30" level=error msg="Both fromDate and toDate are zero"
time="2024-02-06T13:54:02+05:30" level=error msg="Both fromDate and toDate are zero"
time="2024-02-06T13:54:02+05:30" level=error msg="Invalid date parameters" error="both fromDate and ToDate are zero"
time="2024-02-06T13:54:02+05:30" level=error msg="Invalid date parameters" error="both fromDate and ToDate are zero"
time="2024-02-06T13:54:10+05:30" level=error msg="Both fromDate and toDate are zero"
time="2024-02-06T13:54:10+05:30" level=error msg="Both fromDate and toDate are zero"
time="2024-02-06T13:54:10+05:30" level=error msg="Invalid date parameters" error="both fromDate and ToDate are zero"
time="2024-02-06T13:54:10+05:30" level=error msg="Invalid date parameters" error="both fromDate and ToDate are zero"
time="2024-02-06T14:06:37+05:30" level=error msg="Both fromDate and toDate are zero"
time="2024-02-06T14:06:37+05:30" level=error msg="Both fromDate and toDate are zero"
time="2024-02-06T14:06:37+05:30" level=error msg="Invalid date parameters" error="both fromDate and ToDate are zero"
time="2024-02-06T14:06:37+05:30" level=error msg="Invalid date parameters" error="both fromDate and ToDate are zero"
time="2024-02-06T14:06:56+05:30" level=error msg="Both fromDate and toDate are zero"
time="2024-02-06T14:06:56+05:30" level=error msg="Both fromDate and toDate are zero"
time="2024-02-06T14:06:56+05:30" level=error msg="Invalid date parameters" error="both fromDate and ToDate are zero"
time="2024-02-06T14:06:56+05:30" level=error msg="Invalid date parameters" error="both fromDate and ToDate are zero"
time="2024-02-06T14:18:50+05:30" level=info msg="Connection established with logger service for the vendor module"
time="2024-02-06T14:18:50+05:30" level=info msg="Connection established with logger service for the vendor module"
time="2024-02-06T14:19:19+05:30" level=error msg="Both fromDate and toDate are zero"
time="2024-02-06T14:19:19+05:30" level=error msg="Both fromDate and toDate are zero"
time="2024-02-06T14:19:19+05:30" level=error msg="Invalid date parameters" error="both fromDate and ToDate are zero"
time="2024-02-06T14:19:19+05:30" level=error msg="Invalid date parameters" error="both fromDate and ToDate are zero"
time="2024-02-06T14:19:32+05:30" level=error msg="Both fromDate and toDate are zero"
time="2024-02-06T14:19:32+05:30" level=error msg="Both fromDate and toDate are zero"
time="2024-02-06T14:19:32+05:30" level=error msg="Invalid date parameters" error="both fromDate and ToDate are zero"
time="2024-02-06T14:19:32+05:30" level=error msg="Invalid date parameters" error="both fromDate and ToDate are zero"
time="2024-02-06T14:22:08+05:30" level=info msg="Connection established with logger service for the vendor module"
time="2024-02-06T14:22:08+05:30" level=info msg="Connection established with logger service for the vendor module"
time="2024-02-06T14:22:21+05:30" level=error msg="Both fromDate and toDate are zero"
time="2024-02-06T14:22:21+05:30" level=error msg="Both fromDate and toDate are zero"
time="2024-02-06T14:22:21+05:30" level=error msg="Invalid date parameters" error="both fromDate and ToDate are zero"
time="2024-02-06T14:22:21+05:30" level=error msg="Invalid date parameters" error="both fromDate and ToDate are zero"
time="2024-02-06T14:23:41+05:30" level=info msg="Connection established with logger service for the vendor module"
time="2024-02-06T14:23:41+05:30" level=info msg="Connection established with logger service for the vendor module"
time="2024-02-06T14:23:56+05:30" level=error msg="Both fromDate and toDate are zero"
time="2024-02-06T14:23:56+05:30" level=error msg="Both fromDate and toDate are zero"
time="2024-02-06T14:23:56+05:30" level=error msg="Invalid date parameters" error="949,both fromDate and ToDate are zero"
time="2024-02-06T14:23:56+05:30" level=error msg="Invalid date parameters" error="949,both fromDate and ToDate are zero"
time="2024-02-06T14:25:53+05:30" level=info msg="Connection established with logger service for the vendor module"
time="2024-02-06T14:25:53+05:30" level=info msg="Connection established with logger service for the vendor module"
time="2024-02-06T14:26:06+05:30" level=error msg="fromDate are zero"
time="2024-02-06T14:26:06+05:30" level=error msg="fromDate are zero"
time="2024-02-06T14:26:06+05:30" level=error msg="Invalid date parameters" error="fromDate are zero"
time="2024-02-06T14:26:06+05:30" level=error msg="Invalid date parameters" error="fromDate are zero"
time="2024-02-06T14:26:54+05:30" level=info msg="Connection established with logger service for the vendor module"
time="2024-02-06T14:26:54+05:30" level=info msg="Connection established with logger service for the vendor module"
time="2024-02-06T14:27:00+05:30" level=error msg="fromDate are zero"
time="2024-02-06T14:27:00+05:30" level=error msg="fromDate are zero"
time="2024-02-06T14:27:00+05:30" level=error msg="Invalid date parameters" error="fromDate are zero"
time="2024-02-06T14:27:00+05:30" level=error msg="Invalid date parameters" error="fromDate are zero"
time="2024-02-06T14:27:40+05:30" level=info msg="Connection established with logger service for the vendor module"
time="2024-02-06T14:27:40+05:30" level=info msg="Connection established with logger service for the vendor module"
time="2024-02-06T14:28:04+05:30" level=error msg="Both fromDate and toDate are zero"
time="2024-02-06T14:28:04+05:30" level=error msg="Both fromDate and toDate are zero"
time="2024-02-06T14:28:04+05:30" level=error msg="Invalid date parameters" error="949,both fromDate and ToDate are zero"
time="2024-02-06T14:28:04+05:30" level=error msg="Invalid date parameters" error="949,both fromDate and ToDate are zero"
time="2024-02-06T14:28:26+05:30" level=error msg="Both fromDate and toDate are zero"
time="2024-02-06T14:28:26+05:30" level=error msg="Both fromDate and toDate are zero"
time="2024-02-06T14:28:26+05:30" level=error msg="Invalid date parameters" error="949,both fromDate and ToDate are zero"
time="2024-02-06T14:28:26+05:30" level=error msg="Invalid date parameters" error="949,both fromDate and ToDate are zero"
time="2024-02-06T14:29:08+05:30" level=info msg="Connection established with logger service for the vendor module"
time="2024-02-06T14:29:08+05:30" level=info msg="Connection established with logger service for the vendor module"
time="2024-02-06T14:29:47+05:30" level=error msg="Both fromDate and toDate are zero"
time="2024-02-06T14:29:47+05:30" level=error msg="Both fromDate and toDate are zero"
time="2024-02-06T14:29:47+05:30" level=error msg="Invalid date parameters" error="949,both fromDate and ToDate are zero"
time="2024-02-06T14:29:47+05:30" level=error msg="Invalid date parameters" error="949,both fromDate and ToDate are zero"
time="2024-02-06T14:29:55+05:30" level=error msg="Both fromDate and toDate are zero"
time="2024-02-06T14:29:55+05:30" level=error msg="Both fromDate and toDate are zero"
time="2024-02-06T14:29:55+05:30" level=error msg="Invalid date parameters" error="949,both fromDate and ToDate are zero"
time="2024-02-06T14:29:55+05:30" level=error msg="Invalid date parameters" error="949,both fromDate and ToDate are zero"
time="2024-02-06T14:35:29+05:30" level=info msg="Connection established with logger service for the vendor module"
time="2024-02-06T14:35:29+05:30" level=info msg="Connection established with logger service for the vendor module"
time="2024-02-06T14:35:51+05:30" level=error msg="Both fromDate and toDate are zero"
time="2024-02-06T14:35:51+05:30" level=error msg="Both fromDate and toDate are zero"
time="2024-02-06T14:35:51+05:30" level=error msg="Invalid date parameters" error="949,both fromDate and ToDate are zero"
time="2024-02-06T14:35:51+05:30" level=error msg="Invalid date parameters" error="949,both fromDate and ToDate are zero"
time="2024-02-06T14:36:06+05:30" level=error msg="Both fromDate and toDate are zero"
time="2024-02-06T14:36:06+05:30" level=error msg="Both fromDate and toDate are zero"
time="2024-02-06T14:36:06+05:30" level=error msg="Invalid date parameters" error="949,both fromDate and ToDate are zero"
time="2024-02-06T14:36:06+05:30" level=error msg="Invalid date parameters" error="949,both fromDate and ToDate are zero"
time="2024-02-06T14:36:39+05:30" level=info msg="Connection established with logger service for the vendor module"
time="2024-02-06T14:36:39+05:30" level=info msg="Connection established with logger service for the vendor module"
time="2024-02-06T14:37:07+05:30" level=error msg="Both fromDate and toDate are zero"
time="2024-02-06T14:37:07+05:30" level=error msg="Both fromDate and toDate are zero"
time="2024-02-06T14:37:07+05:30" level=error msg="Invalid date parameters" error="949,both fromDate and ToDate are zero"
time="2024-02-06T14:37:07+05:30" level=error msg="Invalid date parameters" error="949,both fromDate and ToDate are zero"
time="2024-02-06T14:37:15+05:30" level=error msg="Both fromDate and toDate are zero"
time="2024-02-06T14:37:15+05:30" level=error msg="Both fromDate and toDate are zero"
time="2024-02-06T14:37:15+05:30" level=error msg="Invalid date parameters" error="949,both fromDate and ToDate are zero"
time="2024-02-06T14:37:15+05:30" level=error msg="Invalid date parameters" error="949,both fromDate and ToDate are zero"
time="2024-02-06T14:37:28+05:30" level=error msg="Both fromDate and toDate are zero"
time="2024-02-06T14:37:28+05:30" level=error msg="Both fromDate and toDate are zero"
time="2024-02-06T14:37:28+05:30" level=error msg="Invalid date parameters" error="949,both fromDate and ToDate are zero"
time="2024-02-06T14:37:28+05:30" level=error msg="Invalid date parameters" error="949,both fromDate and ToDate are zero"
time="2024-02-06T14:39:09+05:30" level=info msg="Connection established with logger service for the vendor module"
time="2024-02-06T14:39:09+05:30" level=info msg="Connection established with logger service for the vendor module"
time="2024-02-06T14:39:39+05:30" level=error msg="in vendors.go line 948,Both fromDate and toDate are zero"
time="2024-02-06T14:39:39+05:30" level=error msg="in vendors.go line 948,Both fromDate and toDate are zero"
time="2024-02-06T14:39:39+05:30" level=error msg="Invalid date parameters" error="both fromDate and ToDate are zero"
time="2024-02-06T14:39:39+05:30" level=error msg="Invalid date parameters" error="both fromDate and ToDate are zero"
time="2024-02-06T14:42:02+05:30" level=info msg="Connection established with logger service for the vendor module"
time="2024-02-06T14:42:02+05:30" level=info msg="Connection established with logger service for the vendor module"
time="2024-02-06T14:42:09+05:30" level=error msg="in vendors.go line 948,Both fromDate and toDate are zero"
time="2024-02-06T14:42:09+05:30" level=error msg="in vendors.go line 948,Both fromDate and toDate are zero"
time="2024-02-06T14:42:09+05:30" level=error msg="Invalid date parameters" error="both fromDate and ToDate are zero"
time="2024-02-06T14:42:09+05:30" level=error msg="Invalid date parameters" error="both fromDate and ToDate are zero"
time="2024-02-06T14:42:10+05:30" level=error msg="in vendors.go line 948,Both fromDate and toDate are zero"
time="2024-02-06T14:42:10+05:30" level=error msg="in vendors.go line 948,Both fromDate and toDate are zero"
time="2024-02-06T14:42:10+05:30" level=error msg="Invalid date parameters" error="both fromDate and ToDate are zero"
time="2024-02-06T14:42:10+05:30" level=error msg="Invalid date parameters" error="both fromDate and ToDate are zero"
time="2024-02-06T14:42:31+05:30" level=info msg="Connection established with logger service for the vendor module"
time="2024-02-06T14:42:31+05:30" level=info msg="Connection established with logger service for the vendor module"
time="2024-02-06T14:43:38+05:30" level=info msg="Connection established with logger service for the vendor module"
time="2024-02-06T14:43:38+05:30" level=info msg="Connection established with logger service for the vendor module"
time="2024-02-06T14:43:44+05:30" level=error msg="in vendors.go line 948,Both fromDate and toDate are zero"
time="2024-02-06T14:43:44+05:30" level=error msg="in vendors.go line 948,Both fromDate and toDate are zero"
time="2024-02-06T14:43:44+05:30" level=error msg="Invalid date parameters" error="both fromDate and ToDate are zero"
time="2024-02-06T14:43:44+05:30" level=error msg="Invalid date parameters" error="both fromDate and ToDate are zero"
time="2024-02-06T14:44:05+05:30" level=info msg="Connection established with logger service for the vendor module"
time="2024-02-06T14:44:05+05:30" level=info msg="Connection established with logger service for the vendor module"
time="2024-02-06T14:46:48+05:30" level=error msg="in vendors.go line 948,Both fromDate and toDate are zero"
time="2024-02-06T14:46:48+05:30" level=error msg="in vendors.go line 948,Both fromDate and toDate are zero"
time="2024-02-06T14:46:48+05:30" level=error msg="Invalid date parameters" error="both fromDate and ToDate are zero"
time="2024-02-06T14:46:48+05:30" level=error msg="Invalid date parameters" error="both fromDate and ToDate are zero"
time="2024-02-06T14:55:22+05:30" level=info msg="Connection established with logger service for the vendor module"
time="2024-02-06T14:55:22+05:30" level=info msg="Connection established with logger service for the vendor module"
time="2024-02-06T14:55:57+05:30" level=error msg="in vendors.go line 948,Both fromDate and toDate are zero"
time="2024-02-06T14:55:57+05:30" level=error msg="in vendors.go line 948,Both fromDate and toDate are zero"
time="2024-02-06T14:55:57+05:30" level=error msg="Invalid date parameters" error="both fromDate and ToDate are zero"
time="2024-02-06T14:55:57+05:30" level=error msg="Invalid date parameters" error="both fromDate and ToDate are zero"
time="2024-02-06T15:02:55+05:30" level=info msg="Connection established with logger service for the vendor module"
time="2024-02-06T15:02:55+05:30" level=info msg="Connection established with logger service for the vendor module"
time="2024-02-06T15:03:14+05:30" level=error msg="in vendors.go line 948,Both fromDate and toDate are zero"
time="2024-02-06T15:03:14+05:30" level=error msg="in vendors.go line 948,Both fromDate and toDate are zero"
time="2024-02-06T15:03:14+05:30" level=error msg="Invalid date parameters" error="both fromDate and ToDate are zero"
time="2024-02-06T15:03:14+05:30" level=error msg="Invalid date parameters" error="both fromDate and ToDate are zero"
time="2024-02-06T15:04:27+05:30" level=info msg="Connection established with logger service for the vendor module"
time="2024-02-06T15:04:27+05:30" level=info msg="Connection established with logger service for the vendor module"
time="2024-02-06T15:07:42+05:30" level=info msg="Connection established with logger service for the vendor module"
time="2024-02-06T15:07:42+05:30" level=info msg="Connection established with logger service for the vendor module"
time="2024-02-06T15:07:59+05:30" level=error msg="Invalid date parameters" error="parsing time \"\" as \"2006-01-02\": cannot parse \"\" as \"2006\""
time="2024-02-06T15:07:59+05:30" level=error msg="Invalid date parameters" error="parsing time \"\" as \"2006-01-02\": cannot parse \"\" as \"2006\""
time="2024-02-06T15:10:00+05:30" level=info msg="Connection established with logger service for the vendor module"
time="2024-02-06T15:10:00+05:30" level=info msg="Connection established with logger service for the vendor module"
time="2024-02-06T15:15:23+05:30" level=info msg="Connection established with logger service for the vendor module"
time="2024-02-06T15:15:23+05:30" level=info msg="Connection established with logger service for the vendor module"
time="2024-02-06T15:27:43+05:30" level=info msg="Connection established with logger service for the vendor module"
time="2024-02-06T15:27:43+05:30" level=info msg="Connection established with logger service for the vendor module"
time="2024-02-06T15:40:50+05:30" level=info msg="Connection established with logger service for the vendor module"
time="2024-02-06T15:40:50+05:30" level=info msg="Connection established with logger service for the vendor module"
time="2024-02-06T15:40:56+05:30" level=error msg="Invalid date parameters" error="parsing time \"\" as \"2006-01-02\": cannot parse \"\" as \"2006\""
time="2024-02-06T15:40:56+05:30" level=error msg="Invalid date parameters" error="parsing time \"\" as \"2006-01-02\": cannot parse \"\" as \"2006\""
time="2024-02-06T15:47:02+05:30" level=error msg="Invalid date parameters" error="parsing time \"\" as \"2006-01-02\": cannot parse \"\" as \"2006\""
time="2024-02-06T15:47:02+05:30" level=error msg="Invalid date parameters" error="parsing time \"\" as \"2006-01-02\": cannot parse \"\" as \"2006\""
time="2024-02-06T15:47:28+05:30" level=error msg="Invalid date parameters" error="parsing time \"\" as \"2006-01-02\": cannot parse \"\" as \"2006\""
time="2024-02-06T15:47:28+05:30" level=error msg="Invalid date parameters" error="parsing time \"\" as \"2006-01-02\": cannot parse \"\" as \"2006\""
time="2024-02-06T15:47:37+05:30" level=error msg="Invalid date parameters" error="parsing time \"\" as \"2006-01-02\": cannot parse \"\" as \"2006\""
time="2024-02-06T15:47:37+05:30" level=error msg="Invalid date parameters" error="parsing time \"\" as \"2006-01-02\": cannot parse \"\" as \"2006\""
time="2024-02-06T15:49:35+05:30" level=info msg="Connection established with logger service for the vendor module"
time="2024-02-06T15:49:35+05:30" level=info msg="Connection established with logger service for the vendor module"
time="2024-02-06T15:49:47+05:30" level=error msg="Invalid date parameters" error="parsing time \"2022-01-02\": extra text: \"2022-01-02\""
time="2024-02-06T15:49:47+05:30" level=error msg="Invalid date parameters" error="parsing time \"2022-01-02\": extra text: \"2022-01-02\""
time="2024-02-06T15:49:55+05:30" level=error msg="In vendorcontroller line 772, Data not found in FilterVendor"
time="2024-02-06T15:49:55+05:30" level=error msg="In vendorcontroller line 772, Data not found in FilterVendor"
time="2024-02-06T15:50:07+05:30" level=error msg="In vendorcontroller line 772, Data not found in FilterVendor"
time="2024-02-06T15:50:07+05:30" level=error msg="In vendorcontroller line 772, Data not found in FilterVendor"
time="2024-02-06T15:50:28+05:30" level=error msg="Invalid date parameters" error="parsing time \"2022-01-02\": extra text: \"2022-01-02\""
time="2024-02-06T15:50:28+05:30" level=error msg="Invalid date parameters" error="parsing time \"2022-01-02\": extra text: \"2022-01-02\""
time="2024-02-06T15:56:44+05:30" level=info msg="Connection established with logger service for the vendor module"
time="2024-02-06T15:56:44+05:30" level=info msg="Connection established with logger service for the vendor module"
time="2024-02-06T16:03:00+05:30" level=info msg="Connection established with logger service for the vendor module"
time="2024-02-06T16:03:00+05:30" level=info msg="Connection established with logger service for the vendor module"
time="2024-02-06T16:03:20+05:30" level=error msg="In vendorcontroller line 772, Data not found in FilterVendor"
time="2024-02-06T16:03:20+05:30" level=error msg="In vendorcontroller line 772, Data not found in FilterVendor"
time="2024-02-06T16:03:31+05:30" level=error msg="In vendorcontroller line 772, Data not found in FilterVendor"
time="2024-02-06T16:03:31+05:30" level=error msg="In vendorcontroller line 772, Data not found in FilterVendor"
time="2024-02-06T16:12:56+05:30" level=error msg="Invalid date parameters" error="parsing time \"2024-01/02\" as \"2006-01-02\": cannot parse \"/02\" as \"-\""
time="2024-02-06T16:12:56+05:30" level=error msg="Invalid date parameters" error="parsing time \"2024-01/02\" as \"2006-01-02\": cannot parse \"/02\" as \"-\""
time="2024-02-06T16:13:40+05:30" level=info msg="Connection established with logger service for the vendor module"
time="2024-02-06T16:13:40+05:30" level=info msg="Connection established with logger service for the vendor module"
time="2024-02-06T16:13:47+05:30" level=error msg="In vendorcontroller line 749,Invalid date parameters" error="parsing time \"2024-01/02\" as \"2006-01-02\": cannot parse \"/02\" as \"-\""
time="2024-02-06T16:13:47+05:30" level=error msg="In vendorcontroller line 749,Invalid date parameters" error="parsing time \"2024-01/02\" as \"2006-01-02\": cannot parse \"/02\" as \"-\""
time="2024-02-06T16:17:31+05:30" level=info msg="Connection established with logger service for the vendor module"
time="2024-02-06T16:17:31+05:30" level=info msg="Connection established with logger service for the vendor module"
time="2024-02-06T16:17:52+05:30" level=error msg="In vendorcontroller line 749,Invalid date parameters" error="parsing time \"2024-10-30\" as \"2006/01/02\": cannot parse \"-10-30\" as \"/\""
time="2024-02-06T16:17:52+05:30" level=error msg="In vendorcontroller line 749,Invalid date parameters" error="parsing time \"2024-10-30\" as \"2006/01/02\": cannot parse \"-10-30\" as \"/\""
time="2024-02-06T16:18:31+05:30" level=error msg="In vendorcontroller line 749,Invalid date parameters" error="parsing time \"2024-01-02\" as \"2006/01/02\": cannot parse \"-01-02\" as \"/\""
time="2024-02-06T16:18:31+05:30" level=error msg="In vendorcontroller line 749,Invalid date parameters" error="parsing time \"2024-01-02\" as \"2006/01/02\": cannot parse \"-01-02\" as \"/\""
time="2024-02-06T16:18:58+05:30" level=info msg="Connection established with logger service for the vendor module"
time="2024-02-06T16:18:58+05:30" level=info msg="Connection established with logger service for the vendor module"
time="2024-02-06T16:26:54+05:30" level=info msg="Connection established with logger service for the vendor module"
time="2024-02-06T16:26:54+05:30" level=info msg="Connection established with logger service for the vendor module"
time="2024-02-06T16:27:50+05:30" level=info msg="Connection established with logger service for the vendor module"
time="2024-02-06T16:27:50+05:30" level=info msg="Connection established with logger service for the vendor module"
time="2024-02-06T17:54:35+05:30" level=info msg="Connection established with logger service for the vendor module"
time="2024-02-06T17:54:35+05:30" level=info msg="Connection established with logger service for the vendor module"
time="2024-02-06T17:58:50+05:30" level=error msg="In vendorcontroller line 773, Data not found in FilterVendor"
time="2024-02-06T17:58:50+05:30" level=error msg="In vendorcontroller line 773, Data not found in FilterVendor"
time="2024-02-06T18:02:34+05:30" level=error msg="In vendorcontroller line 681, Error while unmarshalling JSON in FilterVendor" error="unexpected end of JSON input"
time="2024-02-06T18:02:34+05:30" level=error msg="In vendorcontroller line 681, Error while unmarshalling JSON in FilterVendor" error="unexpected end of JSON input"
time="2024-02-06T18:50:28+05:30" level=info msg="Connection established with logger service for the vendor module"
time="2024-02-06T18:50:28+05:30" level=info msg="Connection established with logger service for the vendor module"
time="2024-02-06T18:50:51+05:30" level=error msg="In vendorcontroller line 773, Data not found in FilterVendor"
time="2024-02-06T18:50:51+05:30" level=error msg="In vendorcontroller line 773, Data not found in FilterVendor"
time="2024-02-06T19:02:58+05:30" level=info msg="Connection established with logger service for the vendor module"
time="2024-02-06T19:02:58+05:30" level=info msg="Connection established with logger service for the vendor module"
time="2024-02-08T10:47:18+05:30" level=info msg="Connection established with logger service for the vendor module"
time="2024-02-08T10:47:18+05:30" level=info msg="Connection established with logger service for the vendor module"
time="2024-02-08T10:47:48+05:30" level=info msg="Connection established with logger service for the vendor module"
time="2024-02-08T10:47:48+05:30" level=info msg="Connection established with logger service for the vendor module"
time="2024-02-08T10:54:47+05:30" level=info msg="Connection established with logger service for the vendor module"
time="2024-02-08T10:54:47+05:30" level=info msg="Connection established with logger service for the vendor module"
time="2024-02-08T10:56:38+05:30" level=error msg="In vendorcontroller line 431,Error occured in DeleteVendor" error="Vendor Not Found"
time="2024-02-08T10:56:38+05:30" level=error msg="In vendorcontroller line 431,Error occured in DeleteVendor" error="Vendor Not Found"
time="2024-02-08T11:29:32+05:30" level=error msg="In vendorcontroller line 773, Data not found in FilterVendor"
time="2024-02-08T11:29:32+05:30" level=error msg="In vendorcontroller line 773, Data not found in FilterVendor"
time="2024-02-08T11:37:58+05:30" level=error msg="In vendorcontroller line 321,Invalid vendor ID" error="mongo: no documents in result"
time="2024-02-08T11:37:58+05:30" level=error msg="In vendorcontroller line 321,Invalid vendor ID" error="mongo: no documents in result"
time="2024-02-08T11:39:17+05:30" level=error msg="In vendorcontroller line 515,Error on finding last vendor contact by ID" error="mongo: no documents in result"
time="2024-02-08T11:39:17+05:30" level=error msg="In vendorcontroller line 515,Error on finding last vendor contact by ID" error="mongo: no documents in result"
time="2024-02-08T11:39:51+05:30" level=error msg="In vendorcontroller line 321,Invalid vendor ID" error="mongo: no documents in result"
time="2024-02-08T11:39:51+05:30" level=error msg="In vendorcontroller line 321,Invalid vendor ID" error="mongo: no documents in result"
